silent_voice/build/app/intermediates/manifest_merge_blame_file/debug/manifest-merger-blame-debug-report.txt
1<?xml version="1.0" encoding="utf-8"?>
2<manifest xmlns:android="http://schemas.android.com/apk/res/android"
3    package="com.example.silent_voice"
4    android:versionCode="1"
5    android:versionName="1.0.0" >
6
7    <uses-sdk
8        android:minSdkVersion="21"
9        android:targetSdkVersion="35" />
10    <!--
11         The INTERNET permission is required for development. Specifically,
12         the Flutter tool needs it to communicate with the running application
13         to allow setting breakpoints, to provide hot reload, etc.
14    -->
15    <uses-permission android:name="android.permission.INTERNET" />
15-->src\debug\AndroidManifest.xml:6:5-66
15-->src\debug\AndroidManifest.xml:6:22-64
16    <uses-permission android:name="android.permission.CAMERA" />
16-->src\main\AndroidManifest.xml:2:5-65
16-->src\main\AndroidManifest.xml:2:22-62
17    <uses-permission
17-->src\main\AndroidManifest.xml:3:5-81
18        android:name="android.permission.WRITE_EXTERNAL_STORAGE"
18-->src\main\AndroidManifest.xml:3:22-78
19        android:maxSdkVersion="28" />
19-->[:camera_android_camerax] AndroidManifest.xml:13:9-35
20
21    <queries>
21-->src\main\AndroidManifest.xml:31:5-36:15
22        <intent>
22-->src\main\AndroidManifest.xml:32:9-35:18
23            <action android:name="android.intent.action.PROCESS_TEXT" />
23-->src\main\AndroidManifest.xml:33:13-73
23-->src\main\AndroidManifest.xml:33:21-70
24
25            <data android:mimeType="text/plain" />
25-->src\main\AndroidManifest.xml:34:13-51
25-->src\main\AndroidManifest.xml:34:19-48
26        </intent>
27    </queries>
28
29    <uses-feature android:name="android.hardware.camera.any" />
29-->[:camera_android_camerax] AndroidManifest.xml:7:5-64
29-->[:camera_android_camerax] AndroidManifest.xml:7:19-61
30
31    <uses-permission android:name="android.permission.RECORD_AUDIO" />
31-->[:camera_android_camerax] AndroidManifest.xml:10:5-71
31-->[:camera_android_camerax] AndroidManifest.xml:10:22-68
32    <uses-permission android:name="android.permission.READ_EXTERNAL_STORAGE" />
33
34    <permission
34-->[androidx.core:core:1.13.1] AndroidManifest.xml:22:5-24:47
35        android:name="com.example.silent_voice.DYNAMIC_RECEIVER_NOT_EXPORTED_PERMISSION"
35-->[androidx.core:core:1.13.1] AndroidManifest.xml:23:9-81
36        android:protectionLevel="signature" />
36-->[androidx.core:core:1.13.1] AndroidManifest.xml:24:9-44
37
38    <uses-permission android:name="com.example.silent_voice.DYNAMIC_RECEIVER_NOT_EXPORTED_PERMISSION" />
38-->[androidx.core:core:1.13.1] AndroidManifest.xml:26:5-97
38-->[androidx.core:core:1.13.1] AndroidManifest.xml:26:22-94
39
40    <application
41        android:name="android.app.Application"
42        android:appComponentFactory="androidx.core.app.CoreComponentFactory"
42-->[androidx.core:core:1.13.1] AndroidManifest.xml:28:18-86
43        android:debuggable="true"
44        android:extractNativeLibs="true"
45        android:icon="@mipmap/ic_launcher"
46        android:label="silent_voice" >
47        <activity
48            android:name="com.example.silent_voice.MainActivity"
49            android:configChanges="orientation|keyboardHidden|keyboard|screenSize|smallestScreenSize|locale|layoutDirection|fontScale|screenLayout|density|uiMode"
50            android:exported="true"
51            android:hardwareAccelerated="true"
52            android:launchMode="singleTop"
53            android:taskAffinity=""
54            android:theme="@style/LaunchTheme"
55            android:windowSoftInputMode="adjustResize" >
56            <meta-data
57                android:name="io.flutter.embedding.android.NormalTheme"
58                android:resource="@style/NormalTheme" />
59
60            <intent-filter>
61                <action android:name="android.intent.action.MAIN" />
62
63                <category android:name="android.intent.category.LAUNCHER" />
64            </intent-filter>
65        </activity>
66
67        <meta-data
68            android:name="flutterEmbedding"
69            android:value="2" />
70
71        <activity
71-->[:url_launcher_android] AndroidManifest.xml:8:9-11:74
72            android:name="io.flutter.plugins.urllauncher.WebViewActivity"
72-->[:url_launcher_android] AndroidManifest.xml:9:13-74
73            android:exported="false"
73-->[:url_launcher_android] AndroidManifest.xml:10:13-37
74            android:theme="@android:style/Theme.NoTitleBar.Fullscreen" />
74-->[:url_launcher_android] AndroidManifest.xml:11:13-71
75
76        <service
76-->[androidx.camera:camera-camera2:1.4.1] AndroidManifest.xml:24:9-33:19
77            android:name="androidx.camera.core.impl.MetadataHolderService"
77-->[androidx.camera:camera-camera2:1.4.1] AndroidManifest.xml:25:13-75
78            android:enabled="false"
78-->[androidx.camera:camera-camera2:1.4.1] AndroidManifest.xml:26:13-36
79            android:exported="false" >
79-->[androidx.camera:camera-camera2:1.4.1] AndroidManifest.xml:27:13-37
80            <meta-data
80-->[androidx.camera:camera-camera2:1.4.1] AndroidManifest.xml:30:13-32:89
81                android:name="androidx.camera.core.impl.MetadataHolderService.DEFAULT_CONFIG_PROVIDER"
81-->[androidx.camera:camera-camera2:1.4.1] AndroidManifest.xml:31:17-103
82                android:value="androidx.camera.camera2.Camera2Config$DefaultProvider" />
82-->[androidx.camera:camera-camera2:1.4.1] AndroidManifest.xml:32:17-86
83        </service>
84
85        <uses-library
85-->[androidx.window:window:1.2.0] AndroidManifest.xml:23:9-25:40
86            android:name="androidx.window.extensions"
86-->[androidx.window:window:1.2.0] AndroidManifest.xml:24:13-54
87            android:required="false" />
87-->[androidx.window:window:1.2.0] AndroidManifest.xml:25:13-37
88        <uses-library
88-->[androidx.window:window:1.2.0] AndroidManifest.xml:26:9-28:40
89            android:name="androidx.window.sidecar"
89-->[androidx.window:window:1.2.0] AndroidManifest.xml:27:13-51
90            android:required="false" />
90-->[androidx.window:window:1.2.0] AndroidManifest.xml:28:13-37
91
92        <provider
92-->[androidx.lifecycle:lifecycle-process:2.7.0] AndroidManifest.xml:24:9-32:20
93            android:name="androidx.startup.InitializationProvider"
93-->[androidx.lifecycle:lifecycle-process:2.7.0] AndroidManifest.xml:25:13-67
94            android:authorities="com.example.silent_voice.androidx-startup"
94-->[androidx.lifecycle:lifecycle-process:2.7.0] AndroidManifest.xml:26:13-68
95            android:exported="false" >
95-->[androidx.lifecycle:lifecycle-process:2.7.0] AndroidManifest.xml:27:13-37
96            <meta-data
96-->[androidx.lifecycle:lifecycle-process:2.7.0] AndroidManifest.xml:29:13-31:52
97                android:name="androidx.lifecycle.ProcessLifecycleInitializer"
97-->[androidx.lifecycle:lifecycle-process:2.7.0] AndroidManifest.xml:30:17-78
98                android:value="androidx.startup" />
98-->[androidx.lifecycle:lifecycle-process:2.7.0] AndroidManifest.xml:31:17-49
99            <meta-data
99-->[androidx.profileinstaller:profileinstaller:1.3.1] AndroidManifest.xml:29:13-31:52
100                android:name="androidx.profileinstaller.ProfileInstallerInitializer"
100-->[androidx.profileinstaller:profileinstaller:1.3.1] AndroidManifest.xml:30:17-85
101                android:value="androidx.startup" />
101-->[androidx.profileinstaller:profileinstaller:1.3.1] AndroidManifest.xml:31:17-49
102        </provider>
103
104        <receiver
104-->[androidx.profileinstaller:profileinstaller:1.3.1] AndroidManifest.xml:34:9-52:20
105            android:name="androidx.profileinstaller.ProfileInstallReceiver"
105-->[androidx.profileinstaller:profileinstaller:1.3.1] AndroidManifest.xml:35:13-76
106            android:directBootAware="false"
106-->[androidx.profileinstaller:profileinstaller:1.3.1] AndroidManifest.xml:36:13-44
107            android:enabled="true"
107-->[androidx.profileinstaller:profileinstaller:1.3.1] AndroidManifest.xml:37:13-35
108            android:exported="true"
108-->[androidx.profileinstaller:profileinstaller:1.3.1] AndroidManifest.xml:38:13-36
109            android:permission="android.permission.DUMP" >
109-->[androidx.profileinstaller:profileinstaller:1.3.1] AndroidManifest.xml:39:13-57
110            <intent-filter>
110-->[androidx.profileinstaller:profileinstaller:1.3.1] AndroidManifest.xml:40:13-42:29
111                <action android:name="androidx.profileinstaller.action.INSTALL_PROFILE" />
111-->[androidx.profileinstaller:profileinstaller:1.3.1] AndroidManifest.xml:41:17-91
111-->[androidx.profileinstaller:profileinstaller:1.3.1] AndroidManifest.xml:41:25-88
112            </intent-filter>
113            <intent-filter>
113-->[androidx.profileinstaller:profileinstaller:1.3.1] AndroidManifest.xml:43:13-45:29
114                <action android:name="androidx.profileinstaller.action.SKIP_FILE" />
114-->[androidx.profileinstaller:profileinstaller:1.3.1] AndroidManifest.xml:44:17-85
114-->[androidx.profileinstaller:profileinstaller:1.3.1] AndroidManifest.xml:44:25-82
115            </intent-filter>
116            <intent-filter>
116-->[androidx.profileinstaller:profileinstaller:1.3.1] AndroidManifest.xml:46:13-48:29
117                <action android:name="androidx.profileinstaller.action.SAVE_PROFILE" />
117-->[androidx.profileinstaller:profileinstaller:1.3.1] AndroidManifest.xml:47:17-88
117-->[androidx.profileinstaller:profileinstaller:1.3.1] AndroidManifest.xml:47:25-85
118            </intent-filter>
119            <intent-filter>
119-->[androidx.profileinstaller:profileinstaller:1.3.1] AndroidManifest.xml:49:13-51:29
120                <action android:name="androidx.profileinstaller.action.BENCHMARK_OPERATION" />
120-->[androidx.profileinstaller:profileinstaller:1.3.1] AndroidManifest.xml:50:17-95
120-->[androidx.profileinstaller:profileinstaller:1.3.1] AndroidManifest.xml:50:25-92
121            </intent-filter>
122        </receiver>
123    </application>
124
125</manifest>